Performing C++ SOURCE FILE Test CMAKE_HAVE_LIBC_PTHREAD failed with the following output:
Change Dir: /home/david/Documentos/Magister-GPU/El-juego-de-la-vida-de-Conway---GPU/gpu_cuda/build/CMakeFiles/CMakeTmp

Run Build Command(s):/usr/bin/gmake cmTC_f7259/fast && /usr/bin/gmake  -f CMakeFiles/cmTC_f7259.dir/build.make CMakeFiles/cmTC_f7259.dir/build
gmake[1]: se entra en el directorio '/home/david/Documentos/Magister-GPU/El-juego-de-la-vida-de-Conway---GPU/gpu_cuda/build/CMakeFiles/CMakeTmp'
Building CXX object CMakeFiles/cmTC_f7259.dir/src.cxx.o
/usr/bin/c++   -DCMAKE_HAVE_LIBC_PTHREAD -std=gnu++17 -o CMakeFiles/cmTC_f7259.dir/src.cxx.o -c /home/david/Documentos/Magister-GPU/El-juego-de-la-vida-de-Conway---GPU/gpu_cuda/build/CMakeFiles/CMakeTmp/src.cxx
Linking CXX executable cmTC_f7259
/usr/bin/cmake -E cmake_link_script CMakeFiles/cmTC_f7259.dir/link.txt --verbose=1
/usr/bin/c++  -DCMAKE_HAVE_LIBC_PTHREAD CMakeFiles/cmTC_f7259.dir/src.cxx.o -o cmTC_f7259 
/usr/bin/ld: CMakeFiles/cmTC_f7259.dir/src.cxx.o: en la función `main':
src.cxx:(.text+0x2f): referencia a `pthread_create' sin definir
/usr/bin/ld: src.cxx:(.text+0x3b): referencia a `pthread_detach' sin definir
/usr/bin/ld: src.cxx:(.text+0x47): referencia a `pthread_cancel' sin definir
/usr/bin/ld: src.cxx:(.text+0x58): referencia a `pthread_join' sin definir
collect2: error: ld returned 1 exit status
gmake[1]: *** [CMakeFiles/cmTC_f7259.dir/build.make:106: cmTC_f7259] Error 1
gmake[1]: se sale del directorio '/home/david/Documentos/Magister-GPU/El-juego-de-la-vida-de-Conway---GPU/gpu_cuda/build/CMakeFiles/CMakeTmp'
gmake: *** [Makefile:140: cmTC_f7259/fast] Error 2


Source file was:
#include <pthread.h>

void* test_func(void* data)
{
  return data;
}

int main(void)
{
  pthread_t thread;
  pthread_create(&thread, NULL, test_func, NULL);
  pthread_detach(thread);
  pthread_cancel(thread);
  pthread_join(thread, NULL);
  pthread_atfork(NULL, NULL, NULL);
  pthread_exit(NULL);

  return 0;
}

Determining if the function pthread_create exists in the pthreads failed with the following output:
Change Dir: /home/david/Documentos/Magister-GPU/El-juego-de-la-vida-de-Conway---GPU/gpu_cuda/build/CMakeFiles/CMakeTmp

Run Build Command(s):/usr/bin/gmake cmTC_0aaf9/fast && /usr/bin/gmake  -f CMakeFiles/cmTC_0aaf9.dir/build.make CMakeFiles/cmTC_0aaf9.dir/build
gmake[1]: se entra en el directorio '/home/david/Documentos/Magister-GPU/El-juego-de-la-vida-de-Conway---GPU/gpu_cuda/build/CMakeFiles/CMakeTmp'
Building CXX object CMakeFiles/cmTC_0aaf9.dir/CheckFunctionExists.cxx.o
/usr/bin/c++   -DCHECK_FUNCTION_EXISTS=pthread_create -std=gnu++17 -o CMakeFiles/cmTC_0aaf9.dir/CheckFunctionExists.cxx.o -c /home/david/Documentos/Magister-GPU/El-juego-de-la-vida-de-Conway---GPU/gpu_cuda/build/CMakeFiles/CheckLibraryExists/CheckFunctionExists.cxx
Linking CXX executable cmTC_0aaf9
/usr/bin/cmake -E cmake_link_script CMakeFiles/cmTC_0aaf9.dir/link.txt --verbose=1
/usr/bin/c++  -DCHECK_FUNCTION_EXISTS=pthread_create CMakeFiles/cmTC_0aaf9.dir/CheckFunctionExists.cxx.o -o cmTC_0aaf9  -lpthreads 
/usr/bin/ld: no se puede encontrar -lpthreads
collect2: error: ld returned 1 exit status
gmake[1]: *** [CMakeFiles/cmTC_0aaf9.dir/build.make:106: cmTC_0aaf9] Error 1
gmake[1]: se sale del directorio '/home/david/Documentos/Magister-GPU/El-juego-de-la-vida-de-Conway---GPU/gpu_cuda/build/CMakeFiles/CMakeTmp'
gmake: *** [Makefile:140: cmTC_0aaf9/fast] Error 2



