Compiling the CUDA compiler identification source file "CMakeCUDACompilerId.cu" failed.
Compiler: /usr/bin/nvcc 
Build flags: 
Id flags: --cuda-gpu-arch=sm_75 -v

The output was:
1
nvcc fatal   : Unknown option '--cuda-gpu-arch=sm_75'


Performing C++ SOURCE FILE Test CMAKE_HAVE_LIBC_PTHREAD failed with the following output:
Change Dir: /home/david/Documentos/Magister-GPU/El-juego-de-la-vida-de-Conway---GPU/grid/build/CMakeFiles/CMakeTmp

Run Build Command(s):/usr/bin/gmake cmTC_fdd26/fast && /usr/bin/gmake  -f CMakeFiles/cmTC_fdd26.dir/build.make CMakeFiles/cmTC_fdd26.dir/build
gmake[1]: se entra en el directorio '/home/david/Documentos/Magister-GPU/El-juego-de-la-vida-de-Conway---GPU/grid/build/CMakeFiles/CMakeTmp'
Building CXX object CMakeFiles/cmTC_fdd26.dir/src.cxx.o
/usr/bin/c++   -DCMAKE_HAVE_LIBC_PTHREAD -std=gnu++17 -o CMakeFiles/cmTC_fdd26.dir/src.cxx.o -c /home/david/Documentos/Magister-GPU/El-juego-de-la-vida-de-Conway---GPU/grid/build/CMakeFiles/CMakeTmp/src.cxx
Linking CXX executable cmTC_fdd26
/usr/bin/cmake -E cmake_link_script CMakeFiles/cmTC_fdd26.dir/link.txt --verbose=1
/usr/bin/c++  -DCMAKE_HAVE_LIBC_PTHREAD CMakeFiles/cmTC_fdd26.dir/src.cxx.o -o cmTC_fdd26 
/usr/bin/ld: CMakeFiles/cmTC_fdd26.dir/src.cxx.o: en la función `main':
src.cxx:(.text+0x2f): referencia a `pthread_create' sin definir
/usr/bin/ld: src.cxx:(.text+0x3b): referencia a `pthread_detach' sin definir
/usr/bin/ld: src.cxx:(.text+0x47): referencia a `pthread_cancel' sin definir
/usr/bin/ld: src.cxx:(.text+0x58): referencia a `pthread_join' sin definir
collect2: error: ld returned 1 exit status
gmake[1]: *** [CMakeFiles/cmTC_fdd26.dir/build.make:106: cmTC_fdd26] Error 1
gmake[1]: se sale del directorio '/home/david/Documentos/Magister-GPU/El-juego-de-la-vida-de-Conway---GPU/grid/build/CMakeFiles/CMakeTmp'
gmake: *** [Makefile:140: cmTC_fdd26/fast] Error 2


Source file was:
#include <pthread.h>

void* test_func(void* data)
{
  return data;
}

int main(void)
{
  pthread_t thread;
  pthread_create(&thread, NULL, test_func, NULL);
  pthread_detach(thread);
  pthread_cancel(thread);
  pthread_join(thread, NULL);
  pthread_atfork(NULL, NULL, NULL);
  pthread_exit(NULL);

  return 0;
}

Determining if the function pthread_create exists in the pthreads failed with the following output:
Change Dir: /home/david/Documentos/Magister-GPU/El-juego-de-la-vida-de-Conway---GPU/grid/build/CMakeFiles/CMakeTmp

Run Build Command(s):/usr/bin/gmake cmTC_1ea5d/fast && /usr/bin/gmake  -f CMakeFiles/cmTC_1ea5d.dir/build.make CMakeFiles/cmTC_1ea5d.dir/build
gmake[1]: se entra en el directorio '/home/david/Documentos/Magister-GPU/El-juego-de-la-vida-de-Conway---GPU/grid/build/CMakeFiles/CMakeTmp'
Building CXX object CMakeFiles/cmTC_1ea5d.dir/CheckFunctionExists.cxx.o
/usr/bin/c++   -DCHECK_FUNCTION_EXISTS=pthread_create -std=gnu++17 -o CMakeFiles/cmTC_1ea5d.dir/CheckFunctionExists.cxx.o -c /home/david/Documentos/Magister-GPU/El-juego-de-la-vida-de-Conway---GPU/grid/build/CMakeFiles/CheckLibraryExists/CheckFunctionExists.cxx
Linking CXX executable cmTC_1ea5d
/usr/bin/cmake -E cmake_link_script CMakeFiles/cmTC_1ea5d.dir/link.txt --verbose=1
/usr/bin/c++  -DCHECK_FUNCTION_EXISTS=pthread_create CMakeFiles/cmTC_1ea5d.dir/CheckFunctionExists.cxx.o -o cmTC_1ea5d  -lpthreads 
/usr/bin/ld: no se puede encontrar -lpthreads
collect2: error: ld returned 1 exit status
gmake[1]: *** [CMakeFiles/cmTC_1ea5d.dir/build.make:106: cmTC_1ea5d] Error 1
gmake[1]: se sale del directorio '/home/david/Documentos/Magister-GPU/El-juego-de-la-vida-de-Conway---GPU/grid/build/CMakeFiles/CMakeTmp'
gmake: *** [Makefile:140: cmTC_1ea5d/fast] Error 2



